0 info it worked if it ends with ok
1 verbose cli [ 'C:\\Program Files\\nodejs\\node.exe',
1 verbose cli   'C:\\Program Files\\nodejs\\node_modules\\npm\\bin\\npm-cli.js',
1 verbose cli   'run',
1 verbose cli   'start' ]
2 info using npm@3.10.10
3 info using node@v7.3.0
4 verbose run-script [ 'prestart', 'start', 'poststart' ]
5 info lifecycle workshop_application@1.0.0~prestart: workshop_application@1.0.0
6 silly lifecycle workshop_application@1.0.0~prestart: no script for prestart, continuing
7 info lifecycle workshop_application@1.0.0~start: workshop_application@1.0.0
8 verbose lifecycle workshop_application@1.0.0~start: unsafe-perm in lifecycle true
9 verbose lifecycle workshop_application@1.0.0~start: PATH: C:\Program Files\nodejs\node_modules\npm\bin\node-gyp-bin;C:\Users\HaramritSingh\Desktop\space-terra-final\node_modules\.bin;C:\Program Files\nodejs;C:\ProgramData\Oracle\Java\javapath;C:\Program Files (x86)\iis express\PHP\v5.4;C:\Program Files\Java\jdk1.8.0_45\bin;C:\Program Files\Java\jdk1.8.0_45\bin\;C:\WINDOWS\system32;C:\WINDOWS;C:\WINDOWS\System32\Wbem;C:\WINDOWS\System32\WindowsPowerShell\v1.0\;C:\Program Files (x86)\ATI Technologies\ATI.ACE\Core-Static;C:\Program Files (x86)\Common Files\lenovo\easyplussdk\bin;C:\Program Files (x86)\Skype\Phone\;C:\Users\HaramritSingh\AppData\Local\atom\bin;C:\Program Files (x86)\Nmap;C:\Users\HaramritSingh\AppData\Local\Microsoft\WindowsApps;C:\adb;C:\Program Files\nodejs\;C:\Program Files (x86)\PuTTY\;C:\Program Files\Java\jdk1.8.0_45\bin\;C:\Users\HaramritSingh\AppData\Local\atom\bin;C:\Program Files (x86)\Nmap;C:\Users\HaramritSingh\AppData\Local\Microsoft\WindowsApps;C:\Users\HaramritSingh\AppData\Roaming\npm
10 verbose lifecycle workshop_application@1.0.0~start: CWD: C:\Users\HaramritSingh\Desktop\space-terra-final
11 silly lifecycle workshop_application@1.0.0~start: Args: [ '/d /s /c', 'node ./bin/www' ]
12 silly lifecycle workshop_application@1.0.0~start: Returned: code: 1  signal: null
13 info lifecycle workshop_application@1.0.0~start: Failed to exec start script
14 verbose stack Error: workshop_application@1.0.0 start: `node ./bin/www`
14 verbose stack Exit status 1
14 verbose stack     at EventEmitter.<anonymous> (C:\Program Files\nodejs\node_modules\npm\lib\utils\lifecycle.js:255:16)
14 verbose stack     at emitTwo (events.js:106:13)
14 verbose stack     at EventEmitter.emit (events.js:191:7)
14 verbose stack     at ChildProcess.<anonymous> (C:\Program Files\nodejs\node_modules\npm\lib\utils\spawn.js:40:14)
14 verbose stack     at emitTwo (events.js:106:13)
14 verbose stack     at ChildProcess.emit (events.js:191:7)
14 verbose stack     at maybeClose (internal/child_process.js:885:16)
14 verbose stack     at Process.ChildProcess._handle.onexit (internal/child_process.js:226:5)
15 verbose pkgid workshop_application@1.0.0
16 verbose cwd C:\Users\HaramritSingh\Desktop\space-terra-final
17 error Windows_NT 10.0.14393
18 error argv "C:\\Program Files\\nodejs\\node.exe" "C:\\Program Files\\nodejs\\node_modules\\npm\\bin\\npm-cli.js" "run" "start"
19 error node v7.3.0
20 error npm  v3.10.10
21 error code ELIFECYCLE
22 error workshop_application@1.0.0 start: `node ./bin/www`
22 error Exit status 1
23 error Failed at the workshop_application@1.0.0 start script 'node ./bin/www'.
23 error Make sure you have the latest version of node.js and npm installed.
23 error If you do, this is most likely a problem with the workshop_application package,
23 error not with npm itself.
23 error Tell the author that this fails on your system:
23 error     node ./bin/www
23 error You can get information on how to open an issue for this project with:
23 error     npm bugs workshop_application
23 error Or if that isn't available, you can get their info via:
23 error     npm owner ls workshop_application
23 error There is likely additional logging output above.
24 verbose exit [ 1, true ]
